<?xml version="1.0" encoding="UTF-8"?>
<!-- Generated by org.testng.reporters.JUnitReportReporter -->
<testsuite hostname="LTIN215773" failures="0" tests="8" name="TestCases.TC_1_UpcomingBikes" time="101.399" errors="0" timestamp="2024-03-04T16:44:44 IST" skipped="0">
  <testcase classname="TestCases.TC_1_UpcomingBikes" name="verifyHomeTitle" time="0.274"/>
  <system-out/>
  <testcase classname="TestCases.TC_1_UpcomingBikes" name="hoverOnNewBikes" time="0.232"/>
  <system-out/>
  <testcase classname="TestCases.TC_1_UpcomingBikes" name="verifyUpcomingBikeOption" time="0.148"/>
  <system-out/>
  <testcase classname="TestCases.TC_1_UpcomingBikes" name="ClickOnUpcomingBikes" time="51.364"/>
  <system-out/>
  <testcase classname="TestCases.TC_1_UpcomingBikes" name="verifyUpcomingBikePageTitle" time="0.018"/>
  <system-out/>
  <testcase classname="TestCases.TC_1_UpcomingBikes" name="clickOnManufacturers" time="44.227"/>
  <system-out/>
  <testcase classname="TestCases.TC_1_UpcomingBikes" name="verifyHondaSelected" time="0.014"/>
  <system-out/>
  <testcase classname="TestCases.TC_1_UpcomingBikes" name="bikesBelow4Lakhs" time="5.122"/>
  <system-out/>
</testsuite> <!-- TestCases.TC_1_UpcomingBikes -->
