<?xml version="1.0" encoding="UTF-8"?>
<!-- Generated by org.testng.reporters.JUnitReportReporter -->
<testsuite hostname="LTIN215773" failures="0" tests="4" name="TestCases.TC_2_LoginPage" time="4.252" errors="0" timestamp="2024-03-04T09:39:16 IST" skipped="0">
  <testcase classname="TestCases.TC_2_LoginPage" name="loginPage" time="1.976"/>
  <system-out/>
  <testcase classname="TestCases.TC_2_LoginPage" name="redirectToLoginPage" time="0.071"/>
  <system-out/>
  <testcase classname="TestCases.TC_2_LoginPage" name="loginDetails" time="2.061"/>
  <system-out/>
  <testcase classname="TestCases.TC_2_LoginPage" name="errorMsg" time="0.144"/>
  <system-out/>
</testsuite> <!-- TestCases.TC_2_LoginPage -->
