<?xml version="1.0" encoding="UTF-8"?>
<!-- Generated by org.testng.reporters.JUnitReportReporter -->
<testsuite hostname="LTIN215773" failures="0" tests="2" name="TestCases.TC_3_usedCars" time="10.563" errors="0" timestamp="2024-03-04T09:39:16 IST" skipped="0">
  <testcase classname="TestCases.TC_3_usedCars" name="usedCars" time="7.873"/>
  <system-out/>
  <testcase classname="TestCases.TC_3_usedCars" name="popularModel" time="2.690"/>
  <system-out/>
</testsuite> <!-- TestCases.TC_3_usedCars -->
