<?xml version="1.0" encoding="UTF-8"?>
<!-- Generated by org.testng.reporters.JUnitReportReporter -->
<testsuite hostname="LTIN215773" failures="0" tests="4" name="TestCases.TC_2_LoginPage" time="5.302" errors="0" timestamp="2024-03-01T14:47:35 IST" skipped="0">
  <testcase classname="TestCases.TC_2_LoginPage" name="loginPage" time="3.153"/>
  <testcase classname="TestCases.TC_2_LoginPage" name="redirectToLoginPage" time="0.223"/>
  <testcase classname="TestCases.TC_2_LoginPage" name="loginDetails" time="1.685"/>
  <testcase classname="TestCases.TC_2_LoginPage" name="errorMsg" time="0.241"/>
</testsuite> <!-- TestCases.TC_2_LoginPage -->
