<?xml version="1.0" encoding="UTF-8"?>
<!-- Generated by org.testng.reporters.JUnitReportReporter -->
<testsuite hostname="LTIN215773" failures="0" tests="2" name="TestCases.TC_3_usedCars" time="8.572" errors="0" timestamp="2024-03-01T14:47:35 IST" skipped="0">
  <testcase classname="TestCases.TC_3_usedCars" name="usedCars" time="6.735"/>
  <testcase classname="TestCases.TC_3_usedCars" name="popularModel" time="1.837"/>
</testsuite> <!-- TestCases.TC_3_usedCars -->
